
  .   ____          _            __ _ _
 /\\ / ___'_ __ _ _(_)_ __  __ _ \ \ \ \
( ( )\___ | '_ | '_| | '_ \/ _` | \ \ \ \
 \\/  ___)| |_)| | | | | || (_| |  ) ) ) )
  '  |____| .__|_| |_|_| |_\__, | / / / /
 =========|_|==============|___/=/_/_/_/
 :: Spring Boot ::                (v2.4.3)

2021-04-27 12:13:19.807  INFO 18523 --- [           main] chess.SpringChessApplication             : Starting SpringChessApplication using Java 11.0.10 on ip-192-168-0-108 with PID 18523 (/home/ubuntu/jwp-chess/build/libs/jwp-chess-0.0.1-SNAPSHOT.jar started by ubuntu in /home/ubuntu/jwp-chess)
2021-04-27 12:13:19.816  INFO 18523 --- [           main] chess.SpringChessApplication             : The following profiles are active: real
2021-04-27 12:13:21.238  INFO 18523 --- [           main] trationDelegate$BeanPostProcessorChecker : Bean 'pl.allegro.tech.boot.autoconfigure.handlebars.HandlebarsHelpersAutoConfiguration' of type [pl.allegro.tech.boot.autoconfigure.handlebars.HandlebarsHelpersAutoConfiguration$$EnhancerBySpringCGLIB$$49ea7682] is not eligible for getting processed by all BeanPostProcessors (for example: not eligible for auto-proxying)
2021-04-27 12:13:21.291  INFO 18523 --- [           main] trationDelegate$BeanPostProcessorChecker : Bean 'handlebars.resolver-pl.allegro.tech.boot.autoconfigure.handlebars.HandlebarsValueResolversProperties' of type [pl.allegro.tech.boot.autoconfigure.handlebars.HandlebarsValueResolversProperties] is not eligible for getting processed by all BeanPostProcessors (for example: not eligible for auto-proxying)
2021-04-27 12:13:21.300  INFO 18523 --- [           main] trationDelegate$BeanPostProcessorChecker : Bean 'handlebars-pl.allegro.tech.boot.autoconfigure.handlebars.HandlebarsProperties' of type [pl.allegro.tech.boot.autoconfigure.handlebars.HandlebarsProperties] is not eligible for getting processed by all BeanPostProcessors (for example: not eligible for auto-proxying)
2021-04-27 12:13:21.302  INFO 18523 --- [           main] trationDelegate$BeanPostProcessorChecker : Bean 'pl.allegro.tech.boot.autoconfigure.handlebars.HandlebarsAutoConfiguration$HandlebarsViewResolverConfiguration' of type [pl.allegro.tech.boot.autoconfigure.handlebars.HandlebarsAutoConfiguration$HandlebarsViewResolverConfiguration$$EnhancerBySpringCGLIB$$5cd1a120] is not eligible for getting processed by all BeanPostProcessors (for example: not eligible for auto-proxying)
2021-04-27 12:13:21.410  INFO 18523 --- [           main] trationDelegate$BeanPostProcessorChecker : Bean 'handlebarsViewResolver' of type [com.github.jknack.handlebars.springmvc.HandlebarsViewResolver] is not eligible for getting processed by all BeanPostProcessors (for example: not eligible for auto-proxying)
2021-04-27 12:13:21.831  INFO 18523 --- [           main] o.s.b.w.embedded.tomcat.TomcatWebServer  : Tomcat initialized with port(s): 8080 (http)
2021-04-27 12:13:21.845  INFO 18523 --- [           main] o.apache.catalina.core.StandardService   : Starting service [Tomcat]
2021-04-27 12:13:21.846  INFO 18523 --- [           main] org.apache.catalina.core.StandardEngine  : Starting Servlet engine: [Apache Tomcat/9.0.43]
2021-04-27 12:13:21.915  INFO 18523 --- [           main] o.a.c.c.C.[Tomcat].[localhost].[/]       : Initializing Spring embedded WebApplicationContext
2021-04-27 12:13:21.915  INFO 18523 --- [           main] w.s.c.ServletWebServerApplicationContext : Root WebApplicationContext: initialization completed in 1957 ms
2021-04-27 12:13:22.045  INFO 18523 --- [           main] n.r.s.b.l.access.LogbackAccessContext    : Configured the Logback-access: context=[default], config=[classpath:logback-access.xml]
2021-04-27 12:13:22.153  INFO 18523 --- [           main] com.zaxxer.hikari.HikariDataSource       : HikariPool-1 - Starting...
2021-04-27 12:13:22.324  INFO 18523 --- [           main] com.zaxxer.hikari.HikariDataSource       : HikariPool-1 - Start completed.
2021-04-27 12:13:22.711  INFO 18523 --- [           main] o.s.s.concurrent.ThreadPoolTaskExecutor  : Initializing ExecutorService 'applicationTaskExecutor'
2021-04-27 12:13:23.070  INFO 18523 --- [           main] o.s.b.w.embedded.tomcat.TomcatWebServer  : Tomcat started on port(s): 8080 (http) with context path ''
2021-04-27 12:13:23.084  INFO 18523 --- [           main] chess.SpringChessApplication             : Started SpringChessApplication in 4.273 seconds (JVM running for 5.038)
2021-04-27 12:13:24.482  INFO 18523 --- [extShutdownHook] o.s.s.concurrent.ThreadPoolTaskExecutor  : Shutting down ExecutorService 'applicationTaskExecutor'
2021-04-27 12:13:24.486  INFO 18523 --- [extShutdownHook] com.zaxxer.hikari.HikariDataSource       : HikariPool-1 - Shutdown initiated...
2021-04-27 12:13:24.508  INFO 18523 --- [extShutdownHook] com.zaxxer.hikari.HikariDataSource       : HikariPool-1 - Shutdown completed.
